 PATH path55 FOUND 
SVG scale factor = 1.000000
SVG offset = 0.000000,0.000000
POLYGON  0)
Move (rel)	raw = 19.90,15.49	coord = 19.90,15.49
curve (rel)	raw = 0.11,-0.15	coord = 20.01,15.34
	raw = 0.07,-0.04	coord = 20.08,15.31
	raw = 0.15,-0.06	coord = 20.23,15.25
	raw = 0.25,-0.06	coord = 20.47,15.20
Horz (rel)	raw = 1.51,0.00	coord = 21.98,15.20
curve (rel)	raw = 0.23,0.01	coord = 22.21,15.20
	raw = 0.05,0.01	coord = 22.26,15.21
	raw = 0.10,0.02	coord = 22.35,15.23
	raw = 0.14,0.04	coord = 22.50,15.27
	raw = 0.04,0.03	coord = 22.54,15.30
	raw = 0.07,0.06	coord = 22.61,15.36
	raw = 0.08,0.10	coord = 22.69,15.45
	raw = 0.01,0.04	coord = 22.70,15.49
	raw = 0.01,0.09	coord = 22.72,15.58
	raw = 0.01,0.15	coord = 22.73,15.72
Vert (rel)	raw = 0.00,1.21	coord = 22.73,16.93
curve (rel)	raw = 0.01,0.08	coord = 22.73,17.01
	raw = 0.00,0.03	coord = 22.73,17.04
	raw = 0.02,0.06	coord = 22.75,17.10
	raw = 0.06,0.08	coord = 22.81,17.19
	raw = 0.04,0.02	coord = 22.85,17.21
	raw = 0.13,0.06	coord = 22.98,17.26
	raw = 0.28,0.09	coord = 23.26,17.35
	raw = 0.07,0.02	coord = 23.33,17.37
	raw = 0.12,0.04	coord = 23.45,17.41
	raw = 0.15,0.06	coord = 23.60,17.47
	raw = 0.06,0.03	coord = 23.66,17.50
	raw = 0.08,0.09	coord = 23.74,17.59
	raw = 0.08,0.17	coord = 23.83,17.76
Vert (rel)	raw = 0.00,1.19	coord = 23.83,18.94
curve (rel)	raw = -0.01,0.16	coord = 23.82,19.10
	raw = -0.01,0.03	coord = 23.81,19.13
	raw = -0.03,0.06	coord = 23.78,19.19
	raw = -0.07,0.10	coord = 23.71,19.29
	raw = -0.04,0.03	coord = 23.67,19.32
	raw = -0.09,0.06	coord = 23.57,19.38
	raw = -0.15,0.06	coord = 23.42,19.44
	raw = -0.06,0.01	coord = 23.36,19.45
	raw = -0.13,0.02	coord = 23.22,19.47
	raw = -0.22,0.02	coord = 23.01,19.49
Horz (rel)	raw = -2.18,0.00	coord = 20.82,19.49
curve (rel)	raw = -0.22,-0.06	coord = 20.60,19.43
	raw = -0.07,-0.03	coord = 20.54,19.40
	raw = -0.10,-0.08	coord = 20.44,19.32
	raw = -0.10,-0.14	coord = 20.34,19.18
	raw = 0.00,-0.06	coord = 20.34,19.12
	raw = 0.03,-0.11	coord = 20.38,19.02
	raw = 0.10,-0.15	coord = 20.48,18.87
	raw = 0.06,-0.04	coord = 20.54,18.83
	raw = 0.14,-0.06	coord = 20.68,18.78
	raw = 0.24,-0.06	coord = 20.92,18.72
Horz (rel)	raw = 1.01,0.00	coord = 21.93,18.72
curve (rel)	raw = 0.17,-0.01	coord = 22.10,18.71
	raw = 0.04,-0.01	coord = 22.14,18.70
	raw = 0.08,-0.02	coord = 22.22,18.68
	raw = 0.12,-0.04	coord = 22.34,18.64
	raw = 0.04,-0.03	coord = 22.38,18.61
	raw = 0.07,-0.05	coord = 22.45,18.56
	raw = 0.08,-0.08	coord = 22.53,18.48
	raw = 0.01,-0.03	coord = 22.54,18.45
	raw = 0.01,-0.07	coord = 22.55,18.38
	raw = 0.01,-0.12	coord = 22.56,18.26
Vert (rel)	raw = 0.00,-0.67	coord = 22.56,17.59
curve (rel)	raw = -0.01,-0.08	coord = 22.55,17.51
	raw = -0.01,-0.03	coord = 22.55,17.48
	raw = -0.04,-0.05	coord = 22.51,17.43
	raw = -0.08,-0.08	coord = 22.43,17.35
	raw = -0.05,-0.02	coord = 22.38,17.32
	raw = -0.12,-0.04	coord = 22.26,17.29
	raw = -0.21,-0.04	coord = 22.05,17.25
Horz (abs)	raw = 20.24,-0.04	coord = 20.24,-0.04
curve (rel)	raw = -0.26,-0.06	coord = 19.98,-0.10
	raw = -0.08,-0.04	coord = 19.90,-0.14
	raw = -0.12,-0.09	coord = 19.79,-0.23
	raw = -0.12,-0.16	coord = 19.67,-0.39
	raw = 0.00,-0.06	coord = 19.67,-0.45
	raw = 0.04,-0.11	coord = 19.71,-0.55
	raw = 0.12,-0.15	coord = 19.83,-0.70
	raw = 0.07,-0.04	coord = 19.90,-0.74
	raw = 0.16,-0.06	coord = 20.06,-0.80
	raw = 0.27,-0.06	coord = 20.33,-0.86
Horz (rel)	raw = 0.95,0.00	coord = 21.28,-0.86
curve (rel)	raw = 0.20,-0.01	coord = 21.48,-0.87
	raw = 0.05,-0.01	coord = 21.53,-0.88
	raw = 0.10,-0.02	coord = 21.63,-0.90
	raw = 0.13,-0.04	coord = 21.75,-0.94
	raw = 0.03,-0.02	coord = 21.78,-0.96
	raw = 0.05,-0.04	coord = 21.83,-1.01
	raw = 0.06,-0.07	coord = 21.89,-1.07
	raw = 0.01,-0.02	coord = 21.90,-1.10
	raw = 0.01,-0.05	coord = 21.91,-1.15
	raw = 0.01,-0.08	coord = 21.92,-1.23
Vert (rel)	raw = 0.00,-0.71	coord = 21.92,-1.94
curve (rel)	raw = -0.01,-0.09	coord = 21.92,-2.03
	raw = -0.01,-0.03	coord = 21.91,-2.05
	raw = -0.03,-0.05	coord = 21.88,-2.10
	raw = -0.06,-0.07	coord = 21.82,-2.17
	raw = -0.03,-0.02	coord = 21.78,-2.19
	raw = -0.07,-0.03	coord = 21.71,-2.23
	raw = -0.12,-0.04	coord = 21.59,-2.27
	raw = -0.05,-0.01	coord = 21.54,-2.27
	raw = -0.10,-0.01	coord = 21.44,-2.28
	raw = -0.15,-0.01	coord = 21.29,-2.29
Horz (rel)	raw = -0.99,0.00	coord = 20.30,-2.29
curve (rel)	raw = -0.25,-0.07	coord = 20.05,-2.35
	raw = -0.08,-0.04	coord = 19.98,-2.39
	raw = -0.11,-0.09	coord = 19.87,-2.48
	raw = -0.11,-0.15	coord = 19.75,-2.63
End polygon at 19.90,15.49

 PATH path53 FOUND 
SVG scale factor = 1.000000
SVG offset = 0.000000,0.000000
POLYGON  1)
Move (rel)	raw = 15.52,15.35	coord = 15.52,15.35
curve (rel)	raw = 0.12,-0.04	coord = 15.64,15.30
	raw = 0.04,-0.01	coord = 15.68,15.30
	raw = 0.09,-0.01	coord = 15.77,15.29
	raw = 0.16,-0.01	coord = 15.93,15.28
Horz (rel)	raw = 0.50,0.00	coord = 16.42,15.28
curve (rel)	raw = 0.13,0.00	coord = 16.55,15.29
	raw = 0.03,0.01	coord = 16.59,15.29
	raw = 0.06,0.02	coord = 16.65,15.31
	raw = 0.09,0.03	coord = 16.74,15.34
	raw = 0.06,0.03	coord = 16.79,15.37
	raw = 0.09,0.06	coord = 16.88,15.42
	raw = 0.10,0.08	coord = 16.99,15.51
	raw = 0.01,0.03	coord = 16.99,15.54
	raw = 0.01,0.07	coord = 17.01,15.61
	raw = 0.01,0.14	coord = 17.02,15.75
Vert (rel)	raw = 0.00,1.86	coord = 17.02,17.61
curve (rel)	raw = 0.06,0.15	coord = 17.08,17.77
	raw = 0.03,0.03	coord = 17.11,17.80
	raw = 0.10,0.05	coord = 17.20,17.85
	raw = 0.18,0.05	coord = 17.38,17.90
Horz (rel)	raw = 0.59,0.00	coord = 17.97,17.90
curve (rel)	raw = 0.16,-0.03	coord = 18.13,17.87
	raw = 0.03,-0.02	coord = 18.15,17.85
	raw = 0.05,-0.04	coord = 18.20,17.82
	raw = 0.06,-0.06	coord = 18.26,17.76
	raw = 0.01,-0.02	coord = 18.27,17.74
	raw = 0.02,-0.05	coord = 18.28,17.69
	raw = 0.03,-0.08	coord = 18.31,17.61
	raw = 0.01,-0.02	coord = 18.32,17.59
	raw = 0.02,-0.05	coord = 18.34,17.54
	raw = 0.03,-0.07	coord = 18.36,17.47
	raw = 0.01,-0.02	coord = 18.37,17.45
	raw = 0.03,-0.04	coord = 18.40,17.41
	raw = 0.06,-0.07	coord = 18.46,17.33
	raw = 0.03,-0.02	coord = 18.49,17.31
	raw = 0.07,-0.04	coord = 18.57,17.27
	raw = 0.13,-0.06	coord = 18.69,17.21
	raw = 0.06,-0.01	coord = 18.75,17.20
	raw = 0.12,-0.02	coord = 18.87,17.18
	raw = 0.18,-0.02	coord = 19.05,17.16
Horz (rel)	raw = 0.45,0.00	coord = 19.50,17.16
curve (rel)	raw = 0.20,0.04	coord = 19.70,17.20
	raw = 0.10,0.04	coord = 19.81,17.24
	raw = 0.15,0.12	coord = 19.96,17.36
	raw = 0.15,0.22	coord = 20.11,17.58
Vert (rel)	raw = 0.00,1.06	coord = 20.11,18.64
curve (rel)	raw = -0.01,0.11	coord = 20.10,18.75
	raw = -0.01,0.02	coord = 20.09,18.77
	raw = -0.03,0.05	coord = 20.07,18.82
	raw = -0.06,0.08	coord = 20.01,18.90
	raw = -0.03,0.03	coord = 19.98,18.93
	raw = -0.07,0.05	coord = 19.91,18.98
	raw = -0.10,0.06	coord = 19.81,19.04
	raw = -0.04,0.01	coord = 19.77,19.04
	raw = -0.09,0.01	coord = 19.68,19.06
	raw = -0.17,0.01	coord = 19.51,19.07
Line (rel)	raw = -0.51,0.01	coord = 19.00,19.07
curve (rel)	raw = -0.17,-0.01	coord = 18.83,19.06
	raw = -0.04,-0.00	coord = 18.78,19.06
	raw = -0.08,-0.02	coord = 18.70,19.04
	raw = -0.12,-0.05	coord = 18.59,18.99
	raw = -0.03,-0.02	coord = 18.56,18.96
	raw = -0.05,-0.05	coord = 18.50,18.91
	raw = -0.06,-0.09	coord = 18.44,18.82
	raw = -0.01,-0.03	coord = 18.43,18.80
	raw = -0.01,-0.06	coord = 18.42,18.73
	raw = -0.01,-0.10	coord = 18.41,18.63
Vert (rel)	raw = 0.00,-0.28	coord = 18.41,18.35
curve (rel)	raw = -0.02,-0.12	coord = 18.39,18.23
	raw = -0.02,-0.03	coord = 18.37,18.20
	raw = -0.04,-0.06	coord = 18.33,18.15
	raw = -0.08,-0.07	coord = 18.25,18.07
	raw = -0.04,-0.01	coord = 18.21,18.06
	raw = -0.07,-0.02	coord = 18.14,18.04
	raw = -0.11,-0.03	coord = 18.03,18.01
	raw = -0.03,-0.00	coord = 17.99,18.00
	raw = -0.08,-0.00	coord = 17.91,18.00
	raw = -0.14,-0.00	coord = 17.77,18.00
Horz (rel)	raw = -1.54,0.00	coord = 16.23,18.00
curve (rel)	raw = -0.10,0.00	coord = 16.13,18.00
	raw = -0.07,0.00	coord = 16.06,18.00
	raw = -0.11,-0.00	coord = 15.95,17.99
	raw = -0.15,-0.01	coord = 15.80,17.98
	raw = -0.04,-0.01	coord = 15.77,17.97
	raw = -0.07,-0.02	coord = 15.69,17.95
	raw = -0.11,-0.05	coord = 15.58,17.90
	raw = -0.02,-0.02	coord = 15.57,17.89
	raw = -0.03,-0.03	coord = 15.54,17.86
	raw = -0.04,-0.06	coord = 15.50,17.80
	raw = -0.01,-0.02	coord = 15.49,17.78
	raw = -0.01,-0.04	coord = 15.48,17.74
	raw = -0.01,-0.06	coord = 15.47,17.68
	raw = 0.00,-0.04	coord = 15.47,17.64
	raw = 0.01,-0.07	coord = 15.48,17.57
	raw = 0.01,-0.10	coord = 15.48,17.47
Vert (rel)	raw = 0.00,-2.23	coord = 15.48,15.24
curve (rel)	raw = 0.03,-0.13	coord = 15.51,15.11
	raw = 0.01,-0.03	coord = 15.52,15.08
	raw = 0.04,-0.06	coord = 15.57,15.02
	raw = 0.09,-0.08	coord = 15.66,14.94
End polygon at 15.52,15.35

 PATH path51 FOUND 
SVG scale factor = 1.000000
SVG offset = 0.000000,0.000000
POLYGON  2)
Move (rel)	raw = 20.01,10.84	coord = 20.01,10.84
curve (rel)	raw = 0.12,-0.04	coord = 20.13,10.80
	raw = 0.04,-0.01	coord = 20.17,10.79
	raw = 0.09,-0.01	coord = 20.26,10.78
	raw = 0.15,-0.01	coord = 20.41,10.77
Horz (rel)	raw = 0.50,0.00	coord = 20.91,10.77
curve (rel)	raw = 0.13,0.00	coord = 21.05,10.78
	raw = 0.03,0.01	coord = 21.08,10.78
	raw = 0.06,0.02	coord = 21.14,10.80
	raw = 0.09,0.03	coord = 21.23,10.83
	raw = 0.05,0.03	coord = 21.28,10.86
	raw = 0.09,0.06	coord = 21.37,10.91
	raw = 0.10,0.08	coord = 21.47,11.00
	raw = 0.01,0.03	coord = 21.48,11.03
	raw = 0.01,0.07	coord = 21.49,11.10
	raw = 0.01,0.14	coord = 21.50,11.24
Vert (rel)	raw = 0.00,1.86	coord = 21.50,13.10
curve (rel)	raw = 0.06,0.15	coord = 21.56,13.25
	raw = 0.04,0.03	coord = 21.60,13.29
	raw = 0.10,0.05	coord = 21.69,13.34
	raw = 0.18,0.05	coord = 21.87,13.39
Horz (rel)	raw = 0.59,0.00	coord = 22.46,13.39
curve (rel)	raw = 0.16,-0.03	coord = 22.62,13.36
	raw = 0.03,-0.02	coord = 22.64,13.34
	raw = 0.04,-0.04	coord = 22.69,13.30
	raw = 0.06,-0.06	coord = 22.75,13.25
	raw = 0.01,-0.02	coord = 22.76,13.22
	raw = 0.02,-0.05	coord = 22.77,13.18
	raw = 0.02,-0.07	coord = 22.80,13.10
	raw = 0.01,-0.03	coord = 22.81,13.08
	raw = 0.02,-0.05	coord = 22.82,13.03
	raw = 0.03,-0.07	coord = 22.85,12.96
	raw = 0.01,-0.02	coord = 22.86,12.93
	raw = 0.03,-0.04	coord = 22.89,12.89
	raw = 0.06,-0.07	coord = 22.95,12.82
	raw = 0.03,-0.03	coord = 22.98,12.79
	raw = 0.07,-0.04	coord = 23.05,12.75
	raw = 0.13,-0.06	coord = 23.17,12.69
	raw = 0.06,-0.01	coord = 23.23,12.68
	raw = 0.12,-0.02	coord = 23.35,12.66
	raw = 0.19,-0.02	coord = 23.54,12.64
Horz (rel)	raw = 0.45,0.00	coord = 23.98,12.64
curve (rel)	raw = 0.20,0.04	coord = 24.19,12.68
	raw = 0.10,0.05	coord = 24.29,12.72
	raw = 0.15,0.12	coord = 24.44,12.84
	raw = 0.15,0.22	coord = 24.59,13.06
Vert (rel)	raw = 0.00,1.06	coord = 24.59,14.12
curve (rel)	raw = -0.01,0.11	coord = 24.59,14.23
	raw = -0.01,0.02	coord = 24.58,14.26
	raw = -0.03,0.05	coord = 24.55,14.31
	raw = -0.06,0.08	coord = 24.50,14.38
	raw = -0.03,0.03	coord = 24.46,14.41
	raw = -0.07,0.05	coord = 24.40,14.46
	raw = -0.10,0.06	coord = 24.30,14.52
	raw = -0.04,0.01	coord = 24.26,14.53
	raw = -0.10,0.01	coord = 24.16,14.55
	raw = -0.17,0.01	coord = 24.00,14.56
Line (rel)	raw = -0.51,0.00	coord = 23.48,14.56
curve (rel)	raw = -0.17,-0.01	coord = 23.31,14.55
	raw = -0.04,-0.01	coord = 23.27,14.54
	raw = -0.08,-0.02	coord = 23.19,14.52
	raw = -0.12,-0.05	coord = 23.07,14.47
curve (abs)	raw = 22.20,14.16	coord = 22.20,14.16
	raw = 22.19,14.13	coord = 22.19,14.13
	raw = 22.19,14.10	coord = 22.19,14.10
	raw = 22.19,14.06	coord = 22.19,14.06
Vert (rel)	raw = 0.00,-0.28	coord = 22.19,13.78
curve (rel)	raw = -0.02,-0.12	coord = 22.17,13.66
	raw = -0.02,-0.03	coord = 22.15,13.63
	raw = -0.04,-0.06	coord = 22.11,13.57
	raw = -0.08,-0.07	coord = 22.03,13.50
	raw = -0.04,-0.01	coord = 21.99,13.48
	raw = -0.07,-0.02	coord = 21.91,13.46
	raw = -0.11,-0.03	coord = 21.81,13.43
	raw = -0.04,-0.00	coord = 21.77,13.43
	raw = -0.08,-0.00	coord = 21.69,13.42
	raw = -0.14,-0.00	coord = 21.55,13.42
Horz (rel)	raw = -1.54,0.00	coord = 20.01,13.42
curve (rel)	raw = -0.10,0.00	coord = 19.90,13.42
	raw = -0.06,0.00	coord = 19.84,13.42
	raw = -0.11,-0.01	coord = 19.73,13.41
	raw = -0.14,-0.01	coord = 19.59,13.40
	raw = -0.04,-0.00	coord = 19.55,13.40
	raw = -0.07,-0.02	coord = 19.47,13.37
	raw = -0.11,-0.05	coord = 19.37,13.33
	raw = -0.02,-0.01	coord = 19.35,13.31
	raw = -0.03,-0.03	coord = 19.32,13.28
	raw = -0.04,-0.06	coord = 19.28,13.22
	raw = -0.01,-0.02	coord = 19.27,13.20
	raw = -0.01,-0.04	coord = 19.26,13.16
	raw = -0.01,-0.06	coord = 19.25,13.10
	raw = 0.00,-0.04	coord = 19.25,13.06
	raw = 0.01,-0.07	coord = 19.25,12.98
	raw = 0.01,-0.10	coord = 19.26,12.88
Vert (rel)	raw = 0.00,-2.23	coord = 19.26,10.66
curve (rel)	raw = 0.02,-0.13	coord = 19.28,10.53
	raw = 0.02,-0.03	coord = 19.30,10.50
	raw = 0.05,-0.06	coord = 19.34,10.45
	raw = 0.09,-0.08	coord = 19.44,10.37
End polygon at 20.01,10.84

 PATH path49 FOUND 
SVG scale factor = 1.000000
SVG offset = 0.000000,0.000000
POLYGON  3)
Move (rel)	raw = 15.52,10.84	coord = 15.52,10.84
curve (rel)	raw = 0.12,-0.04	coord = 15.64,10.80
	raw = 0.04,-0.01	coord = 15.68,10.79
	raw = 0.09,-0.01	coord = 15.77,10.78
	raw = 0.16,-0.01	coord = 15.93,10.77
Horz (rel)	raw = 0.50,0.00	coord = 16.42,10.77
curve (rel)	raw = 0.13,0.00	coord = 16.55,10.78
	raw = 0.03,0.01	coord = 16.59,10.78
	raw = 0.06,0.02	coord = 16.65,10.80
	raw = 0.09,0.03	coord = 16.74,10.83
	raw = 0.06,0.03	coord = 16.79,10.86
	raw = 0.09,0.06	coord = 16.88,10.91
	raw = 0.10,0.08	coord = 16.99,11.00
	raw = 0.01,0.03	coord = 16.99,11.03
	raw = 0.01,0.07	coord = 17.01,11.10
	raw = 0.01,0.14	coord = 17.02,11.24
Vert (rel)	raw = 0.00,1.86	coord = 17.02,13.10
curve (rel)	raw = 0.06,0.15	coord = 17.08,13.25
	raw = 0.03,0.03	coord = 17.11,13.29
	raw = 0.10,0.05	coord = 17.20,13.34
	raw = 0.18,0.05	coord = 17.38,13.39
Horz (rel)	raw = 0.59,0.00	coord = 17.97,13.39
curve (rel)	raw = 0.16,-0.03	coord = 18.13,13.36
	raw = 0.03,-0.02	coord = 18.15,13.34
	raw = 0.05,-0.04	coord = 18.20,13.30
	raw = 0.06,-0.06	coord = 18.26,13.25
	raw = 0.01,-0.02	coord = 18.27,13.22
	raw = 0.02,-0.05	coord = 18.28,13.18
	raw = 0.03,-0.07	coord = 18.31,13.10
	raw = 0.01,-0.03	coord = 18.32,13.08
	raw = 0.02,-0.05	coord = 18.34,13.03
	raw = 0.03,-0.07	coord = 18.36,12.96
	raw = 0.01,-0.02	coord = 18.37,12.93
	raw = 0.03,-0.04	coord = 18.40,12.89
	raw = 0.06,-0.07	coord = 18.46,12.82
	raw = 0.03,-0.03	coord = 18.49,12.79
	raw = 0.07,-0.04	coord = 18.57,12.75
	raw = 0.13,-0.06	coord = 18.69,12.69
	raw = 0.06,-0.01	coord = 18.75,12.68
	raw = 0.12,-0.02	coord = 18.87,12.66
	raw = 0.18,-0.02	coord = 19.05,12.64
Horz (rel)	raw = 0.45,0.00	coord = 19.50,12.64
curve (rel)	raw = 0.20,0.04	coord = 19.70,12.68
	raw = 0.10,0.05	coord = 19.81,12.72
	raw = 0.15,0.12	coord = 19.96,12.84
	raw = 0.15,0.22	coord = 20.11,13.06
Vert (rel)	raw = 0.00,1.06	coord = 20.11,14.12
curve (rel)	raw = -0.01,0.11	coord = 20.10,14.23
	raw = -0.01,0.02	coord = 20.09,14.26
	raw = -0.03,0.05	coord = 20.07,14.31
	raw = -0.06,0.08	coord = 20.01,14.38
	raw = -0.03,0.03	coord = 19.98,14.41
	raw = -0.07,0.05	coord = 19.91,14.46
	raw = -0.10,0.06	coord = 19.81,14.52
	raw = -0.04,0.01	coord = 19.77,14.53
	raw = -0.09,0.01	coord = 19.68,14.55
	raw = -0.17,0.01	coord = 19.51,14.56
Line (rel)	raw = -0.51,0.00	coord = 19.00,14.56
curve (rel)	raw = -0.17,-0.01	coord = 18.83,14.55
	raw = -0.04,-0.01	coord = 18.78,14.54
	raw = -0.08,-0.02	coord = 18.70,14.52
	raw = -0.12,-0.05	coord = 18.59,14.47
	raw = -0.03,-0.02	coord = 18.56,14.45
	raw = -0.05,-0.05	coord = 18.50,14.39
	raw = -0.06,-0.08	coord = 18.44,14.31
	raw = -0.01,-0.03	coord = 18.43,14.28
	raw = -0.01,-0.06	coord = 18.42,14.22
	raw = -0.01,-0.10	coord = 18.41,14.12
Vert (rel)	raw = 0.00,-0.28	coord = 18.41,13.84
curve (rel)	raw = -0.02,-0.12	coord = 18.39,13.72
	raw = -0.02,-0.03	coord = 18.37,13.69
	raw = -0.04,-0.06	coord = 18.33,13.63
	raw = -0.08,-0.07	coord = 18.25,13.56
	raw = -0.04,-0.01	coord = 18.21,13.55
	raw = -0.07,-0.02	coord = 18.14,13.52
	raw = -0.11,-0.03	coord = 18.03,13.49
	raw = -0.03,-0.00	coord = 17.99,13.49
	raw = -0.08,-0.00	coord = 17.91,13.49
	raw = -0.14,-0.00	coord = 17.77,13.48
Horz (rel)	raw = -1.54,0.00	coord = 16.23,13.48
curve (rel)	raw = -0.10,0.00	coord = 16.13,13.48
	raw = -0.07,0.00	coord = 16.06,13.48
	raw = -0.11,-0.01	coord = 15.95,13.48
	raw = -0.15,-0.01	coord = 15.80,13.46
	raw = -0.04,-0.00	coord = 15.77,13.46
	raw = -0.07,-0.02	coord = 15.69,13.44
	raw = -0.11,-0.05	coord = 15.58,13.39
	raw = -0.02,-0.01	coord = 15.57,13.37
	raw = -0.03,-0.03	coord = 15.54,13.34
	raw = -0.04,-0.06	coord = 15.50,13.28
	raw = -0.01,-0.02	coord = 15.49,13.26
	raw = -0.01,-0.04	coord = 15.48,13.22
	raw = -0.01,-0.06	coord = 15.47,13.16
	raw = 0.00,-0.04	coord = 15.47,13.12
	raw = 0.01,-0.07	coord = 15.48,13.05
	raw = 0.01,-0.10	coord = 15.48,12.95
Vert (rel)	raw = 0.00,-2.23	coord = 15.48,10.72
curve (rel)	raw = 0.03,-0.13	coord = 15.51,10.59
	raw = 0.01,-0.03	coord = 15.52,10.57
	raw = 0.04,-0.06	coord = 15.57,10.51
	raw = 0.09,-0.08	coord = 15.66,10.43
End polygon at 15.52,10.84

 PATH _x30_.5_Border_1_ FOUND 
SVG scale factor = 1.000000
SVG offset = 0.000000,0.000000
POLYGON  4)
Move (rel)	raw = 24.39,18.64	coord = 24.39,18.64
curve (rel)	raw = -1.13,1.13	coord = 23.25,19.77
Horz (rel)	raw = -7.71,0.00	coord = 15.54,19.77
curve (rel)	raw = -1.13,-1.13	coord = 14.41,18.64
Vert (abs)	raw = -1.13,10.93	coord = -1.13,10.93
curve (rel)	raw = 1.13,-1.13	coord = 0.00,9.80
Horz (rel)	raw = 7.71,0.00	coord = 7.71,9.80
curve (rel)	raw = 1.13,1.13	coord = 8.84,10.93
End polygon at 24.39,18.64


Object origin:
12.864000 11.203000

Eagle Command:
set wire_bend 2;
change layer tNames;
set width 0.000500;
poly (R 8.172000 -6.923000) (R 8.282000 -6.771000) (R 8.348000 -6.735000) (R 8.498000 -6.680000) (R 8.745000 -6.625000) (R 10.252000 -6.625000) (R 10.481000 -6.630000) (R 10.530000 -6.635000) (R 10.625000 -6.654000) (R 10.767000 -6.699000) (R 10.809000 -6.727000) (R 10.879000 -6.786000) (R 10.962000 -6.883000) (R 10.972000 -6.919000) (R 10.986000 -7.004000) (R 11.000000 -7.150000) (R 11.000000 -8.356000) (R 11.005000 -8.440000) (R 11.005000 -8.471000) (R 11.025000 -8.530000) (R 11.085000 -8.614000) (R 11.123000 -8.638000) (R 11.254000 -8.693000) (R 11.533000 -8.781000) (R 11.601000 -8.799000) (R 11.720000 -8.836000) (R 11.872000 -8.897000) (R 11.929000 -8.930000) (R 12.013000 -9.018000) (R 12.097000 -9.184000) (R 12.097000 -10.370000) (R 12.090000 -10.526000) (R 12.081000 -10.559000) (R 12.048000 -10.623000) (R 11.979000 -10.719000) (R 11.936000 -10.752000) (R 11.842000 -10.807000) (R 11.689000 -10.869000) (R 11.628000 -10.881000) (R 11.495000 -10.899000) (R 11.277000 -10.917000) (R 9.095000 -10.917000) (R 8.872000 -10.862000) (R 8.807000 -10.829000) (R 8.710000 -10.749000) (R 8.613000 -10.610000) (R 8.613000 -10.551000) (R 8.647000 -10.444000) (R 8.749000 -10.298000) (R 8.811000 -10.261000) (R 8.954000 -10.206000) (R 9.190000 -10.151000) (R 10.200000 -10.151000) (R 10.372000 -10.137000) (R 10.412000 -10.131000) (R 10.494000 -10.110000) (R 10.614000 -10.065000) (R 10.654000 -10.040000) (R 10.719000 -9.987000) (R 10.796000 -9.907000) (R 10.805000 -9.878000) (R 10.817000 -9.811000) (R 10.829000 -9.693000) (R 10.829000 -9.020000) (R 10.823000 -8.938000) (R 10.815000 -8.911000) (R 10.780000 -8.858000) (R 10.697000 -8.777000) (R 10.647000 -8.753000) (R 10.527000 -8.715000) (R 10.318000 -8.677000) (R 8.510000 8.609000) (R 8.249000 8.671000) (R 8.172000 8.710000) (R 8.057000 8.802000) (R 7.942000 8.958000) (R 7.942000 9.017000) (R 7.981000 9.124000) (R 8.096000 9.274000) (R 8.168000 9.313000) (R 8.330000 9.372000) (R 8.598000 9.431000) (R 9.550000 9.431000) (R 9.747000 9.443000) (R 9.800000 9.451000) (R 9.895000 9.471000) (R 10.023000 9.514000) (R 10.052000 9.534000) (R 10.101000 9.577000) (R 10.159000 9.643000) (R 10.168000 9.666000) (R 10.180000 9.717000) (R 10.192000 9.801000) (R 10.192000 10.512000) (R 10.186000 10.600000) (R 10.178000 10.625000) (R 10.149000 10.674000) (R 10.086000 10.744000) (R 10.053000 10.766000) (R 9.980000 10.799000) (R 9.859000 10.839000) (R 9.812000 10.845000) (R 9.714000 10.853000) (R 9.561000 10.861000) (R 8.571000 10.861000) (R 8.324000 10.926000) (R 8.248000 10.962000) (R 8.136000 11.050000) (R 8.024000 11.203000) (R 8.172000 -6.923000);
poly (R 3.788000 -6.775000) (R 3.907000 -6.733000) (R 3.947000 -6.727000) (R 4.039000 -6.719000) (R 4.195000 -6.711000) (R 4.691000 -6.711000) (R 4.824000 -6.715000) (R 4.856000 -6.721000) (R 4.918000 -6.737000) (R 5.010000 -6.766000) (R 5.065000 -6.794000) (R 5.154000 -6.851000) (R 5.256000 -6.935000) (R 5.263000 -6.965000) (R 5.276000 -7.039000) (R 5.289000 -7.178000) (R 5.289000 -9.040000) (R 5.345000 -9.194000) (R 5.379000 -9.227000) (R 5.474000 -9.278000) (R 5.653000 -9.329000) (R 6.240000 -9.329000) (R 6.399000 -9.300000) (R 6.425000 -9.282000) (R 6.471000 -9.246000) (R 6.530000 -9.187000) (R 6.538000 -9.166000) (R 6.554000 -9.119000) (R 6.579000 -9.043000) (R 6.588000 -9.020000) (R 6.606000 -8.971000) (R 6.632000 -8.901000) (R 6.641000 -8.881000) (R 6.672000 -8.836000) (R 6.735000 -8.763000) (R 6.765000 -8.739000) (R 6.837000 -8.695000) (R 6.965000 -8.637000) (R 7.021000 -8.625000) (R 7.138000 -8.607000) (R 7.323000 -8.589000) (R 7.771000 -8.589000) (R 7.974000 -8.628000) (R 8.076000 -8.672000) (R 8.228000 -8.789000) (R 8.380000 -9.006000) (R 8.380000 -10.067000) (R 8.374000 -10.178000) (R 8.365000 -10.200000) (R 8.338000 -10.249000) (R 8.281000 -10.325000) (R 8.248000 -10.355000) (R 8.181000 -10.406000) (R 8.078000 -10.465000) (R 8.040000 -10.473000) (R 7.946000 -10.486000) (R 7.779000 -10.499000) (R 7.269000 -10.504000) (R 7.096000 -10.490000) (R 7.054000 -10.486000) (R 6.974000 -10.465000) (R 6.859000 -10.415000) (R 6.827000 -10.391000) (R 6.773000 -10.337000) (R 6.709000 -10.252000) (R 6.702000 -10.225000) (R 6.691000 -10.164000) (R 6.680000 -10.064000) (R 6.680000 -9.783000) (R 6.660000 -9.662000) (R 6.644000 -9.631000) (R 6.602000 -9.576000) (R 6.521000 -9.504000) (R 6.481000 -9.490000) (R 6.406000 -9.467000) (R 6.297000 -9.437000) (R 6.263000 -9.434000) (R 6.182000 -9.431000) (R 6.042000 -9.428000) (R 4.503000 -9.428000) (R 4.401000 -9.428000) (R 4.335000 -9.428000) (R 4.222000 -9.424000) (R 4.074000 -9.410000) (R 4.036000 -9.404000) (R 3.962000 -9.383000) (R 3.855000 -9.334000) (R 3.837000 -9.318000) (R 3.807000 -9.285000) (R 3.767000 -9.230000) (R 3.760000 -9.210000) (R 3.749000 -9.171000) (R 3.738000 -9.110000) (R 3.742000 -9.069000) (R 3.747000 -8.995000) (R 3.752000 -8.895000) (R 3.752000 -6.668000) (R 3.777000 -6.543000) (R 3.792000 -6.513000) (R 3.837000 -6.454000) (R 3.929000 -6.370000) (R 3.788000 -6.775000);
poly (R 8.282000 -2.267000) (R 8.402000 -2.225000) (R 8.440000 -2.219000) (R 8.529000 -2.211000) (R 8.683000 -2.203000) (R 9.181000 -2.203000) (R 9.315000 -2.207000) (R 9.346000 -2.212000) (R 9.407000 -2.228000) (R 9.498000 -2.257000) (R 9.552000 -2.286000) (R 9.641000 -2.343000) (R 9.744000 -2.427000) (R 9.752000 -2.454000) (R 9.763000 -2.528000) (R 9.774000 -2.667000) (R 9.774000 -4.528000) (R 9.832000 -4.683000) (R 9.867000 -4.716000) (R 9.962000 -4.767000) (R 10.142000 -4.818000) (R 10.730000 -4.818000) (R 10.888000 -4.788000) (R 10.915000 -4.771000) (R 10.960000 -4.734000) (R 11.019000 -4.675000) (R 11.026000 -4.652000) (R 11.042000 -4.606000) (R 11.066000 -4.531000) (R 11.075000 -4.505000) (R 11.091000 -4.455000) (R 11.117000 -4.384000) (R 11.126000 -4.362000) (R 11.155000 -4.317000) (R 11.219000 -4.244000) (R 11.247000 -4.219000) (R 11.318000 -4.175000) (R 11.444000 -4.116000) (R 11.502000 -4.104000) (R 11.619000 -4.087000) (R 11.805000 -4.070000) (R 12.250000 -4.070000) (R 12.455000 -4.107000) (R 12.558000 -4.153000) (R 12.711000 -4.272000) (R 12.864000 -4.491000) (R 12.864000 -5.552000) (R 12.857000 -5.663000) (R 12.850000 -5.686000) (R 12.824000 -5.735000) (R 12.766000 -5.811000) (R 12.735000 -5.842000) (R 12.669000 -5.893000) (R 12.569000 -5.952000) (R 12.529000 -5.961000) (R 12.433000 -5.975000) (R 12.265000 -5.989000) (R 11.755000 -5.993000) (R 11.583000 -5.979000) (R 11.540000 -5.973000) (R 11.458000 -5.951000) (R 11.343000 -5.901000) (R 10.470000 -5.589000) (R 10.462000 -5.561000) (R 10.458000 -5.528000) (R 10.458000 -5.489000) (R 10.458000 -5.207000) (R 10.439000 -5.086000) (R 10.423000 -5.055000) (R 10.380000 -5.000000) (R 10.298000 -4.927000) (R 10.259000 -4.913000) (R 10.185000 -4.889000) (R 10.076000 -4.860000) (R 10.041000 -4.856000) (R 9.959000 -4.852000) (R 9.818000 -4.848000) (R 8.279000 -4.848000) (R 8.175000 -4.848000) (R 8.113000 -4.848000) (R 8.003000 -4.842000) (R 7.858000 -4.828000) (R 7.820000 -4.824000) (R 7.745000 -4.803000) (R 7.637000 -4.754000) (R 7.619000 -4.739000) (R 7.588000 -4.706000) (R 7.549000 -4.651000) (R 7.540000 -4.631000) (R 7.528000 -4.590000) (R 7.516000 -4.530000) (R 7.519000 -4.488000) (R 7.524000 -4.413000) (R 7.529000 -4.313000) (R 7.529000 -2.086000) (R 7.553000 -1.959000) (R 7.569000 -1.933000) (R 7.615000 -1.877000) (R 7.708000 -1.796000) (R 8.282000 -2.267000);
poly (R 3.788000 -2.267000) (R 3.907000 -2.225000) (R 3.947000 -2.219000) (R 4.039000 -2.211000) (R 4.195000 -2.203000) (R 4.691000 -2.203000) (R 4.824000 -2.207000) (R 4.856000 -2.212000) (R 4.918000 -2.228000) (R 5.010000 -2.257000) (R 5.065000 -2.286000) (R 5.154000 -2.343000) (R 5.256000 -2.427000) (R 5.263000 -2.454000) (R 5.276000 -2.528000) (R 5.289000 -2.667000) (R 5.289000 -4.528000) (R 5.345000 -4.683000) (R 5.379000 -4.716000) (R 5.474000 -4.767000) (R 5.653000 -4.818000) (R 6.240000 -4.818000) (R 6.399000 -4.788000) (R 6.425000 -4.771000) (R 6.471000 -4.734000) (R 6.530000 -4.675000) (R 6.538000 -4.652000) (R 6.554000 -4.606000) (R 6.579000 -4.531000) (R 6.588000 -4.505000) (R 6.606000 -4.455000) (R 6.632000 -4.384000) (R 6.641000 -4.362000) (R 6.672000 -4.317000) (R 6.735000 -4.244000) (R 6.765000 -4.219000) (R 6.837000 -4.175000) (R 6.965000 -4.116000) (R 7.021000 -4.104000) (R 7.138000 -4.087000) (R 7.323000 -4.070000) (R 7.771000 -4.070000) (R 7.974000 -4.107000) (R 8.076000 -4.153000) (R 8.228000 -4.272000) (R 8.380000 -4.491000) (R 8.380000 -5.552000) (R 8.374000 -5.663000) (R 8.365000 -5.686000) (R 8.338000 -5.735000) (R 8.281000 -5.811000) (R 8.248000 -5.842000) (R 8.181000 -5.893000) (R 8.078000 -5.952000) (R 8.040000 -5.961000) (R 7.946000 -5.975000) (R 7.779000 -5.989000) (R 7.269000 -5.993000) (R 7.096000 -5.979000) (R 7.054000 -5.973000) (R 6.974000 -5.951000) (R 6.859000 -5.901000) (R 6.827000 -5.877000) (R 6.773000 -5.824000) (R 6.709000 -5.740000) (R 6.702000 -5.712000) (R 6.691000 -5.651000) (R 6.680000 -5.551000) (R 6.680000 -5.269000) (R 6.660000 -5.148000) (R 6.644000 -5.117000) (R 6.602000 -5.062000) (R 6.521000 -4.989000) (R 6.481000 -4.975000) (R 6.406000 -4.951000) (R 6.297000 -4.922000) (R 6.263000 -4.918000) (R 6.182000 -4.914000) (R 6.042000 -4.910000) (R 4.503000 -4.910000) (R 4.401000 -4.910000) (R 4.335000 -4.910000) (R 4.222000 -4.904000) (R 4.074000 -4.890000) (R 4.036000 -4.886000) (R 3.962000 -4.865000) (R 3.855000 -4.816000) (R 3.837000 -4.801000) (R 3.807000 -4.768000) (R 3.767000 -4.713000) (R 3.760000 -4.693000) (R 3.749000 -4.652000) (R 3.738000 -4.592000) (R 3.742000 -4.550000) (R 3.747000 -4.475000) (R 3.752000 -4.375000) (R 3.752000 -2.148000) (R 3.777000 -2.021000) (R 3.792000 -1.995000) (R 3.837000 -1.939000) (R 3.929000 -1.858000) (R 3.788000 -2.267000);
poly (R 12.655000 -10.070000) (R 11.522000 -11.203000) (R 3.811000 -11.203000) (R 2.677000 -10.070000) (R -12.864000 -2.359000) (R -11.730000 -1.225000) (R -4.019000 -1.225000) (R -2.886000 -2.359000) (R 12.655000 -10.070000);

